<?xml version="1.0" encoding="UTF-8"?>
<coverage generated="1779230065117" clover="3.2.0">
  <project timestamp="1779230065117" name="All files">
    <metrics statements="1" coveredstatements="1" conditionals="0" coveredconditionals="0" methods="1" coveredmethods="1" elements="2" coveredelements="2" complexity="0" loc="1" ncloc="1" packages="2" files="3" classes="3"/>
    <package name="app">
      <metrics statements="1" coveredstatements="1" conditionals="0" coveredconditionals="0" methods="1" coveredmethods="1"/>
      <file name="app.module.css" path="C:\Users\raque\OneDrive\Documentos\Fernanda\mfe-vr\apps\footer\src\app\app.module.css">
        <metrics statements="0" coveredstatements="0" conditionals="0" coveredconditionals="0" methods="0" coveredmethods="0"/>
      </file>
      <file name="app.tsx" path="C:\Users\raque\OneDrive\Documentos\Fernanda\mfe-vr\apps\footer\src\app\app.tsx">
        <metrics statements="1" coveredstatements="1" conditionals="0" coveredconditionals="0" methods="1" coveredmethods="1"/>
        <line num="5" count="2" type="stmt"/>
      </file>
    </package>
    <package name="assets">
      <metrics statements="0" coveredstatements="0" conditionals="0" coveredconditionals="0" methods="0" coveredmethods="0"/>
      <file name="vr_logo.png" path="C:\Users\raque\OneDrive\Documentos\Fernanda\mfe-vr\apps\footer\src\assets\vr_logo.png">
        <metrics statements="0" coveredstatements="0" conditionals="0" coveredconditionals="0" methods="0" coveredmethods="0"/>
      </file>
    </package>
  </project>
</coverage>
