{"C:\\Users\\raque\\OneDrive\\Documentos\\Fernanda\\mfe-vr\\apps\\footer\\src\\app\\app.module.css": {"path":"C:\\Users\\raque\\OneDrive\\Documentos\\Fernanda\\mfe-vr\\apps\\footer\\src\\app\\app.module.css","statementMap":{},"fnMap":{},"branchMap":{},"s":{},"f":{},"b":{},"meta":{"lastBranch":0,"lastFunction":0,"lastStatement":0,"seen":{}}}
,"C:\\Users\\raque\\OneDrive\\Documentos\\Fernanda\\mfe-vr\\apps\\footer\\src\\app\\app.tsx": {"path":"C:\\Users\\raque\\OneDrive\\Documentos\\Fernanda\\mfe-vr\\apps\\footer\\src\\app\\app.tsx","statementMap":{"0":{"start":{"line":5,"column":2},"end":{"line":16,"column":null}}},"fnMap":{"0":{"name":"App","decl":{"start":{"line":4,"column":16},"end":{"line":4,"column":22}},"loc":{"start":{"line":4,"column":22},"end":{"line":18,"column":null}},"line":4}},"branchMap":{},"s":{"0":2},"f":{"0":2},"b":{},"meta":{"lastBranch":0,"lastFunction":1,"lastStatement":1,"seen":{"f:4:16:4:22":0,"s:5:2:16:Infinity":0}}}
,"C:\\Users\\raque\\OneDrive\\Documentos\\Fernanda\\mfe-vr\\apps\\footer\\src\\assets\\vr_logo.png": {"path":"C:\\Users\\raque\\OneDrive\\Documentos\\Fernanda\\mfe-vr\\apps\\footer\\src\\assets\\vr_logo.png","statementMap":{},"fnMap":{},"branchMap":{},"s":{},"f":{},"b":{},"meta":{"lastBranch":0,"lastFunction":0,"lastStatement":0,"seen":{}}}
}
