<?xml version="1.0" encoding="UTF-8"?>
<coverage generated="1779230057230" clover="3.2.0">
  <project timestamp="1779230057231" name="All files">
    <metrics statements="10" coveredstatements="9" conditionals="9" coveredconditionals="8" methods="8" coveredmethods="7" elements="27" coveredelements="24" complexity="0" loc="10" ncloc="10" packages="2" files="4" classes="4"/>
    <package name="app">
      <metrics statements="10" coveredstatements="9" conditionals="9" coveredconditionals="8" methods="8" coveredmethods="7"/>
      <file name="app.module.css" path="C:\Users\raque\OneDrive\Documentos\Fernanda\mfe-vr\apps\header\src\app\app.module.css">
        <metrics statements="0" coveredstatements="0" conditionals="0" coveredconditionals="0" methods="0" coveredmethods="0"/>
      </file>
      <file name="app.tsx" path="C:\Users\raque\OneDrive\Documentos\Fernanda\mfe-vr\apps\header\src\app\app.tsx">
        <metrics statements="10" coveredstatements="9" conditionals="9" coveredconditionals="8" methods="8" coveredmethods="7"/>
        <line num="11" count="8" type="stmt"/>
        <line num="12" count="8" type="stmt"/>
        <line num="14" count="8" type="stmt"/>
        <line num="17" count="3" type="stmt"/>
        <line num="27" count="0" type="stmt"/>
        <line num="28" count="2" type="stmt"/>
        <line num="31" count="1" type="stmt"/>
        <line num="40" count="2" type="stmt"/>
        <line num="60" count="2" type="cond" truecount="1" falsecount="1"/>
        <line num="65" count="1" type="stmt"/>
      </file>
    </package>
    <package name="assets">
      <metrics statements="0" coveredstatements="0" conditionals="0" coveredconditionals="0" methods="0" coveredmethods="0"/>
      <file name="btn_compras.png" path="C:\Users\raque\OneDrive\Documentos\Fernanda\mfe-vr\apps\header\src\assets\btn_compras.png">
        <metrics statements="0" coveredstatements="0" conditionals="0" coveredconditionals="0" methods="0" coveredmethods="0"/>
      </file>
      <file name="logo_vr_branco.png" path="C:\Users\raque\OneDrive\Documentos\Fernanda\mfe-vr\apps\header\src\assets\logo_vr_branco.png">
        <metrics statements="0" coveredstatements="0" conditionals="0" coveredconditionals="0" methods="0" coveredmethods="0"/>
      </file>
    </package>
  </project>
</coverage>
