{"C:\\Users\\raque\\OneDrive\\Documentos\\Fernanda\\mfe-vr\\apps\\header\\src\\app\\app.module.css": {"path":"C:\\Users\\raque\\OneDrive\\Documentos\\Fernanda\\mfe-vr\\apps\\header\\src\\app\\app.module.css","statementMap":{},"fnMap":{},"branchMap":{},"s":{},"f":{},"b":{},"meta":{"lastBranch":0,"lastFunction":0,"lastStatement":0,"seen":{}}}
,"C:\\Users\\raque\\OneDrive\\Documentos\\Fernanda\\mfe-vr\\apps\\header\\src\\app\\app.tsx": {"path":"C:\\Users\\raque\\OneDrive\\Documentos\\Fernanda\\mfe-vr\\apps\\header\\src\\app\\app.tsx","statementMap":{"0":{"start":{"line":11,"column":22},"end":{"line":11,"column":null}},"1":{"start":{"line":12,"column":26},"end":{"line":12,"column":null}},"2":{"start":{"line":14,"column":2},"end":{"line":72,"column":null}},"3":{"start":{"line":17,"column":62},"end":{"line":17,"column":null}},"4":{"start":{"line":27,"column":55},"end":{"line":27,"column":null}},"5":{"start":{"line":28,"column":56},"end":{"line":28,"column":null}},"6":{"start":{"line":31,"column":68},"end":{"line":31,"column":91}},"7":{"start":{"line":40,"column":20},"end":{"line":50,"column":null}},"8":{"start":{"line":60,"column":55},"end":{"line":60,"column":80}},"9":{"start":{"line":65,"column":72},"end":{"line":65,"column":95}}},"fnMap":{"0":{"name":"App","decl":{"start":{"line":10,"column":16},"end":{"line":10,"column":20}},"loc":{"start":{"line":10,"column":52},"end":{"line":74,"column":null}},"line":10},"1":{"name":"(anonymous_1)","decl":{"start":{"line":17,"column":47},"end":{"line":17,"column":62}},"loc":{"start":{"line":17,"column":62},"end":{"line":17,"column":null}},"line":17},"2":{"name":"(anonymous_2)","decl":{"start":{"line":27,"column":40},"end":{"line":27,"column":55}},"loc":{"start":{"line":27,"column":55},"end":{"line":27,"column":null}},"line":27},"3":{"name":"(anonymous_3)","decl":{"start":{"line":28,"column":40},"end":{"line":28,"column":50}},"loc":{"start":{"line":28,"column":56},"end":{"line":28,"column":null}},"line":28},"4":{"name":"(anonymous_4)","decl":{"start":{"line":31,"column":53},"end":{"line":31,"column":68}},"loc":{"start":{"line":31,"column":68},"end":{"line":31,"column":91}},"line":31},"5":{"name":"(anonymous_5)","decl":{"start":{"line":39,"column":28},"end":{"line":39,"column":33}},"loc":{"start":{"line":40,"column":20},"end":{"line":50,"column":null}},"line":40},"6":{"name":"(anonymous_6)","decl":{"start":{"line":60,"column":33},"end":{"line":60,"column":41}},"loc":{"start":{"line":60,"column":55},"end":{"line":60,"column":80}},"line":60},"7":{"name":"(anonymous_7)","decl":{"start":{"line":65,"column":57},"end":{"line":65,"column":72}},"loc":{"start":{"line":65,"column":72},"end":{"line":65,"column":95}},"line":65}},"branchMap":{"0":{"loc":{"start":{"line":10,"column":22},"end":{"line":10,"column":52}},"type":"default-arg","locations":[{"start":{"line":10,"column":33},"end":{"line":10,"column":52}}],"line":10},"1":{"loc":{"start":{"line":26,"column":7},"end":{"line":70,"column":null}},"type":"binary-expr","locations":[{"start":{"line":26,"column":7},"end":{"line":26,"column":null}},{"start":{"line":27,"column":8},"end":{"line":70,"column":null}}],"line":26},"2":{"loc":{"start":{"line":35,"column":15},"end":{"line":52,"column":null}},"type":"cond-expr","locations":[{"start":{"line":36,"column":16},"end":{"line":38,"column":17}},{"start":{"line":38,"column":16},"end":{"line":52,"column":null}}],"line":35},"3":{"loc":{"start":{"line":55,"column":13},"end":{"line":67,"column":null}},"type":"binary-expr","locations":[{"start":{"line":55,"column":13},"end":{"line":55,"column":null}},{"start":{"line":56,"column":14},"end":{"line":67,"column":null}}],"line":55},"4":{"loc":{"start":{"line":60,"column":62},"end":{"line":60,"column":80}},"type":"binary-expr","locations":[{"start":{"line":60,"column":62},"end":{"line":60,"column":76}},{"start":{"line":60,"column":76},"end":{"line":60,"column":80}}],"line":60}},"s":{"0":8,"1":8,"2":8,"3":3,"4":0,"5":2,"6":1,"7":2,"8":2,"9":1},"f":{"0":8,"1":3,"2":0,"3":2,"4":1,"5":2,"6":2,"7":1},"b":{"0":[8],"1":[8,3],"2":[1,2],"3":[3,2],"4":[2,0]},"meta":{"lastBranch":5,"lastFunction":8,"lastStatement":10,"seen":{"f:10:16:10:20":0,"b:10:33:10:52":0,"s:11:22:11:Infinity":0,"s:12:26:12:Infinity":1,"s:14:2:72:Infinity":2,"f:17:47:17:62":1,"s:17:62:17:Infinity":3,"b:26:7:26:Infinity:27:8:70:Infinity":1,"f:27:40:27:55":2,"s:27:55:27:Infinity":4,"f:28:40:28:50":3,"s:28:56:28:Infinity":5,"f:31:53:31:68":4,"s:31:68:31:91":6,"b:36:16:38:17:38:16:52:Infinity":2,"f:39:28:39:33":5,"s:40:20:50:Infinity":7,"b:55:13:55:Infinity:56:14:67:Infinity":3,"f:60:33:60:41":6,"s:60:55:60:80":8,"b:60:62:60:76:60:76:60:80":4,"f:65:57:65:72":7,"s:65:72:65:95":9}}}
,"C:\\Users\\raque\\OneDrive\\Documentos\\Fernanda\\mfe-vr\\apps\\header\\src\\assets\\btn_compras.png": {"path":"C:\\Users\\raque\\OneDrive\\Documentos\\Fernanda\\mfe-vr\\apps\\header\\src\\assets\\btn_compras.png","statementMap":{},"fnMap":{},"branchMap":{},"s":{},"f":{},"b":{},"meta":{"lastBranch":0,"lastFunction":0,"lastStatement":0,"seen":{}}}
,"C:\\Users\\raque\\OneDrive\\Documentos\\Fernanda\\mfe-vr\\apps\\header\\src\\assets\\logo_vr_branco.png": {"path":"C:\\Users\\raque\\OneDrive\\Documentos\\Fernanda\\mfe-vr\\apps\\header\\src\\assets\\logo_vr_branco.png","statementMap":{},"fnMap":{},"branchMap":{},"s":{},"f":{},"b":{},"meta":{"lastBranch":0,"lastFunction":0,"lastStatement":0,"seen":{}}}
}
