<?xml version="1.0" encoding="UTF-8"?>
<coverage generated="1779230057682" clover="3.2.0">
  <project timestamp="1779230057682" name="All files">
    <metrics statements="18" coveredstatements="18" conditionals="6" coveredconditionals="6" methods="5" coveredmethods="5" elements="29" coveredelements="29" complexity="0" loc="18" ncloc="18" packages="1" files="2" classes="2"/>
    <file name="app.module.css" path="C:\Users\raque\OneDrive\Documentos\Fernanda\mfe-vr\apps\cards\src\app\app.module.css">
      <metrics statements="0" coveredstatements="0" conditionals="0" coveredconditionals="0" methods="0" coveredmethods="0"/>
    </file>
    <file name="app.tsx" path="C:\Users\raque\OneDrive\Documentos\Fernanda\mfe-vr\apps\cards\src\app\app.tsx">
      <metrics statements="18" coveredstatements="18" conditionals="6" coveredconditionals="6" methods="5" coveredmethods="5"/>
      <line num="18" count="4" type="stmt"/>
      <line num="19" count="4" type="stmt"/>
      <line num="20" count="4" type="stmt"/>
      <line num="22" count="4" type="stmt"/>
      <line num="23" count="2" type="stmt"/>
      <line num="24" count="2" type="stmt"/>
      <line num="25" count="2" type="stmt"/>
      <line num="26" count="2" type="stmt"/>
      <line num="27" count="1" type="stmt"/>
      <line num="29" count="1" type="stmt"/>
      <line num="30" count="1" type="stmt"/>
      <line num="32" count="2" type="stmt"/>
      <line num="36" count="2" type="stmt"/>
      <line num="39" count="4" type="cond" truecount="2" falsecount="0"/>
      <line num="40" count="2" type="cond" truecount="2" falsecount="0"/>
      <line num="42" count="1" type="stmt"/>
      <line num="46" count="2" type="stmt"/>
      <line num="57" count="1" type="cond" truecount="2" falsecount="0"/>
    </file>
  </project>
</coverage>
