{"C:\\Users\\raque\\OneDrive\\Documentos\\Fernanda\\mfe-vr\\apps\\cards\\src\\app\\app.module.css": {"path":"C:\\Users\\raque\\OneDrive\\Documentos\\Fernanda\\mfe-vr\\apps\\cards\\src\\app\\app.module.css","statementMap":{},"fnMap":{},"branchMap":{},"s":{},"f":{},"b":{},"meta":{"lastBranch":0,"lastFunction":0,"lastStatement":0,"seen":{}}}
,"C:\\Users\\raque\\OneDrive\\Documentos\\Fernanda\\mfe-vr\\apps\\cards\\src\\app\\app.tsx": {"path":"C:\\Users\\raque\\OneDrive\\Documentos\\Fernanda\\mfe-vr\\apps\\cards\\src\\app\\app.tsx","statementMap":{"0":{"start":{"line":18,"column":19},"end":{"line":18,"column":null}},"1":{"start":{"line":19,"column":18},"end":{"line":19,"column":null}},"2":{"start":{"line":20,"column":16},"end":{"line":20,"column":null}},"3":{"start":{"line":22,"column":2},"end":{"line":37,"column":null}},"4":{"start":{"line":23,"column":29},"end":{"line":34,"column":null}},"5":{"start":{"line":24,"column":6},"end":{"line":33,"column":null}},"6":{"start":{"line":25,"column":8},"end":{"line":25,"column":null}},"7":{"start":{"line":26,"column":22},"end":{"line":26,"column":null}},"8":{"start":{"line":27,"column":8},"end":{"line":27,"column":null}},"9":{"start":{"line":29,"column":8},"end":{"line":29,"column":null}},"10":{"start":{"line":30,"column":8},"end":{"line":30,"column":null}},"11":{"start":{"line":32,"column":8},"end":{"line":32,"column":null}},"12":{"start":{"line":36,"column":4},"end":{"line":36,"column":null}},"13":{"start":{"line":39,"column":2},"end":{"line":39,"column":null}},"14":{"start":{"line":39,"column":15},"end":{"line":39,"column":null}},"15":{"start":{"line":40,"column":2},"end":{"line":40,"column":null}},"16":{"start":{"line":40,"column":13},"end":{"line":40,"column":null}},"17":{"start":{"line":42,"column":2},"end":{"line":66,"column":null}},"18":{"start":{"line":46,"column":10},"end":{"line":63,"column":null}},"19":{"start":{"line":57,"column":31},"end":{"line":57,"column":null}}},"fnMap":{"0":{"name":"App","decl":{"start":{"line":17,"column":16},"end":{"line":17,"column":20}},"loc":{"start":{"line":17,"column":57},"end":{"line":68,"column":null}},"line":17},"1":{"name":"(anonymous_1)","decl":{"start":{"line":22,"column":2},"end":{"line":22,"column":18}},"loc":{"start":{"line":22,"column":18},"end":{"line":37,"column":5}},"line":22},"2":{"name":"(anonymous_2)","decl":{"start":{"line":23,"column":29},"end":{"line":23,"column":41}},"loc":{"start":{"line":23,"column":41},"end":{"line":34,"column":null}},"line":23},"3":{"name":"(anonymous_3)","decl":{"start":{"line":45,"column":18},"end":{"line":45,"column":23}},"loc":{"start":{"line":46,"column":10},"end":{"line":63,"column":null}},"line":46},"4":{"name":"(anonymous_4)","decl":{"start":{"line":57,"column":16},"end":{"line":57,"column":31}},"loc":{"start":{"line":57,"column":31},"end":{"line":57,"column":null}},"line":57}},"branchMap":{"0":{"loc":{"start":{"line":39,"column":2},"end":{"line":39,"column":null}},"type":"if","locations":[{"start":{"line":39,"column":2},"end":{"line":39,"column":null}},{"start":{},"end":{}}],"line":39},"1":{"loc":{"start":{"line":40,"column":2},"end":{"line":40,"column":null}},"type":"if","locations":[{"start":{"line":40,"column":2},"end":{"line":40,"column":null}},{"start":{},"end":{}}],"line":40},"2":{"loc":{"start":{"line":57,"column":31},"end":{"line":57,"column":null}},"type":"binary-expr","locations":[{"start":{"line":57,"column":31},"end":{"line":57,"column":54}},{"start":{"line":57,"column":54},"end":{"line":57,"column":null}}],"line":57}},"s":{"0":4,"1":4,"2":4,"3":4,"4":2,"5":2,"6":2,"7":2,"8":1,"9":1,"10":1,"11":2,"12":2,"13":4,"14":2,"15":2,"16":2,"17":1,"18":2,"19":1},"f":{"0":4,"1":2,"2":2,"3":2,"4":1},"b":{"0":[2,2],"1":[1,1],"2":[1,1]},"meta":{"lastBranch":3,"lastFunction":5,"lastStatement":20,"seen":{"f:17:16:17:20":0,"s:18:19:18:Infinity":0,"s:19:18:19:Infinity":1,"s:20:16:20:Infinity":2,"s:22:2:37:Infinity":3,"f:22:2:22:18":1,"s:23:29:34:Infinity":4,"f:23:29:23:41":2,"s:24:6:33:Infinity":5,"s:25:8:25:Infinity":6,"s:26:22:26:Infinity":7,"s:27:8:27:Infinity":8,"s:29:8:29:Infinity":9,"s:30:8:30:Infinity":10,"s:32:8:32:Infinity":11,"s:36:4:36:Infinity":12,"b:39:2:39:Infinity:undefined:undefined:undefined:undefined":0,"s:39:2:39:Infinity":13,"s:39:15:39:Infinity":14,"b:40:2:40:Infinity:undefined:undefined:undefined:undefined":1,"s:40:2:40:Infinity":15,"s:40:13:40:Infinity":16,"s:42:2:66:Infinity":17,"f:45:18:45:23":3,"s:46:10:63:Infinity":18,"f:57:16:57:31":4,"s:57:31:57:Infinity":19,"b:57:31:57:54:57:54:57:Infinity":2}}}
}
