{"C:\\Users\\raque\\OneDrive\\Documentos\\Fernanda\\mfe-vr\\apps\\host\\src\\app\\App.tsx": {"path":"C:\\Users\\raque\\OneDrive\\Documentos\\Fernanda\\mfe-vr\\apps\\host\\src\\app\\App.tsx","statementMap":{"0":{"start":{"line":5,"column":21},"end":{"line":5,"column":null}},"1":{"start":{"line":5,"column":38},"end":{"line":5,"column":null}},"2":{"start":{"line":7,"column":20},"end":{"line":7,"column":null}},"3":{"start":{"line":7,"column":37},"end":{"line":7,"column":null}},"4":{"start":{"line":9,"column":21},"end":{"line":9,"column":null}},"5":{"start":{"line":9,"column":38},"end":{"line":9,"column":null}},"6":{"start":{"line":12,"column":20},"end":{"line":12,"column":null}},"7":{"start":{"line":14,"column":2},"end":{"line":27,"column":null}},"8":{"start":{"line":32,"column":2},"end":{"line":35,"column":null}}},"fnMap":{"0":{"name":"(anonymous_0)","decl":{"start":{"line":5,"column":27},"end":{"line":5,"column":38}},"loc":{"start":{"line":5,"column":38},"end":{"line":5,"column":null}},"line":5},"1":{"name":"(anonymous_1)","decl":{"start":{"line":7,"column":26},"end":{"line":7,"column":37}},"loc":{"start":{"line":7,"column":37},"end":{"line":7,"column":null}},"line":7},"2":{"name":"(anonymous_2)","decl":{"start":{"line":9,"column":27},"end":{"line":9,"column":38}},"loc":{"start":{"line":9,"column":38},"end":{"line":9,"column":null}},"line":9},"3":{"name":"LayoutHost","decl":{"start":{"line":11,"column":9},"end":{"line":11,"column":22}},"loc":{"start":{"line":11,"column":22},"end":{"line":29,"column":null}},"line":11},"4":{"name":"App","decl":{"start":{"line":31,"column":16},"end":{"line":31,"column":22}},"loc":{"start":{"line":31,"column":22},"end":{"line":37,"column":null}},"line":31}},"branchMap":{},"s":{"0":1,"1":1,"2":1,"3":1,"4":1,"5":1,"6":4,"7":4,"8":4},"f":{"0":1,"1":1,"2":1,"3":4,"4":4},"b":{},"meta":{"lastBranch":0,"lastFunction":5,"lastStatement":9,"seen":{"s:5:21:5:Infinity":0,"f:5:27:5:38":0,"s:5:38:5:Infinity":1,"s:7:20:7:Infinity":2,"f:7:26:7:37":1,"s:7:37:7:Infinity":3,"s:9:21:9:Infinity":4,"f:9:27:9:38":2,"s:9:38:9:Infinity":5,"f:11:9:11:22":3,"s:12:20:12:Infinity":6,"s:14:2:27:Infinity":7,"f:31:16:31:22":4,"s:32:2:35:Infinity":8}}}
}
